<?xml version="1.0" encoding="UTF-8"?>
<testsuite name="TestSuite" time="2.543" tests="1" errors="0" skipped="0" failures="1">
  <properties>
    <property name="PROCESSOR_ARCHITECTURE" value="AMD64"/>
    <property name="file.encoding.pkg" value="sun.io"/>
    <property name="ConEmuArgs2" value=""/>
    <property name="LOGONSERVER" value="\\MADNESS"/>
    <property name="ProgramData" value="C:\ProgramData"/>
    <property name="java.home" value="C:\Program Files\Java\jdk1.8.0_102\jre"/>
    <property name="SPRING_PROFILES_ACTIVE" value="local"/>
    <property name="aliases" value="C:\cmder\config\user-aliases.cmd"/>
    <property name="NODE_NAME" value="master"/>
    <property name="ALLUSERSPROFILE" value="C:\ProgramData"/>
    <property name="java.endorsed.dirs" value="C:\Program Files\Java\jdk1.8.0_102\jre\lib\endorsed"/>
    <property name="user-aliases" value="C:\cmder\config\user-aliases.cmd"/>
    <property name="PSModulePath" value="C:\Program Files\WindowsPowerShell\Modules;C:\WINDOWS\system32\WindowsPowerShell\v1.0\Modules"/>
    <property name="ConEmuBaseDir" value="C:\cmder\vendor\conemu-maximus5\ConEmu"/>
    <property name="=::" value="::\"/>
    <property name="USERDOMAIN" value="MADNESS"/>
    <property name="sun.os.patch.level" value=""/>
    <property name="java.vendor.url" value="http://java.oracle.com/"/>
    <property name="verbose-output" value="0 "/>
    <property name="CommonProgramFiles(x86)" value="C:\Program Files (x86)\Common Files"/>
    <property name="java.version" value="1.8.0_102"/>
    <property name="JOB_NAME" value="selenium"/>
    <property name="COMPUTERNAME" value="MADNESS"/>
    <property name="java.vendor.url.bug" value="http://bugreport.sun.com/bugreport/"/>
    <property name="PUBLIC" value="C:\Users\Public"/>
    <property name="GIT_INSTALL_ROOT" value="C:\cmder\vendor\git-for-windows"/>
    <property name="user.name" value="diego"/>
    <property name="architecture" value="64"/>
    <property name="ConEmuWorkDrive" value="C:"/>
    <property name="sun.io.unicode.encoding" value="UnicodeLittle"/>
    <property name="sun.jnu.encoding" value="Cp1252"/>
    <property name="java.runtime.name" value="Java(TM) SE Runtime Environment"/>
    <property name="windir" value="C:\WINDOWS"/>
    <property name="PROCESSOR_IDENTIFIER" value="Intel64 Family 6 Model 78 Stepping 3, GenuineIntel"/>
    <property name="java.specification.name" value="Java Platform API Specification"/>
    <property name="LOCALAPPDATA" value="C:\Users\diego\AppData\Local"/>
    <property name="RUN_CHANGES_DISPLAY_URL" value="http://unconfigured-jenkins-location/job/selenium/2/display/redirect?page=changes"/>
    <property name="user.timezone" value="America/Buenos_Aires"/>
    <property name="user.script" value=""/>
    <property name="path.separator" value=";"/>
    <property name="NUMBER_OF_PROCESSORS" value="4"/>
    <property name="BUILD_TAG" value="jenkins-selenium-2"/>
    <property name="TERM" value="cygwin"/>
    <property name="file.encoding" value="Cp1252"/>
    <property name="sun.java.command" value="jenkins.maven3.agent.Maven32Main C:\apps\apache-maven-3.2.5 C:\Users\diego\.jenkins\war\WEB-INF\lib\remoting-3.7.jar C:\Users\diego\.jenkins\plugins\maven-plugin\WEB-INF\lib\maven32-interceptor-1.8.1.jar C:\Users\diego\.jenkins\plugins\maven-plugin\WEB-INF\lib\maven3-interceptor-commons-1.8.1.jar 53007"/>
    <property name="JENKINS_SERVER_COOKIE" value="ec4de9721f4b8c05"/>
    <property name="ConEmuHWND" value="0x000B0450"/>
    <property name="EXECUTOR_NUMBER" value="1"/>
    <property name="Path" value="C:\Program Files\Java\jdk1.8.0_102/bin;C:\cmder\bin;C:\cmder\vendor\git-for-windows\cmd;C:\cmder\vendor\conemu-maximus5\ConEmu\Scripts;C:\cmder\vendor\conemu-maximus5;C:\cmder\vendor\conemu-maximus5\ConEmu;C:\WINDOWS\System32;C:\Users\diego\.babun;C:\Users\diego\AppData\Local\Microsoft\WindowsApps;C:\Program Files\Java\jdk1.8.0_102\\bin;C:\cmder\vendor\git-for-windows\usr\bin;C:\cmder\vendor\git-for-windows\usr\share\vim\vim74;C:\cmder\"/>
    <property name="PLINK_PROTOCOL" value="ssh"/>
    <property name="ConEmuPID" value="10412"/>
    <property name="java.io.tmpdir" value="D:\trdy\testa\"/>
    <property name="APPDATA" value="C:\Users\diego\AppData\Roaming"/>
    <property name="user.language" value="en"/>
    <property name="line.separator" value="&#10;"/>
    <property name="ConEmuBackHWND" value="0x0004044E"/>
    <property name="M2_HOME" value="C:\apps\apache-maven-3.2.5"/>
    <property name="=C:" value="C:\apps"/>
    <property name="java.vm.info" value="mixed mode"/>
    <property name="sun.desktop" value="windows"/>
    <property name="java.vm.specification.name" value="Java Virtual Machine Specification"/>
    <property name="BUILD_DISPLAY_NAME" value="#2"/>
    <property name="OS" value="Windows_NT"/>
    <property name="ANSICON" value="170x1000 (170x39)"/>
    <property name="guice.disable.misplaced.annotation.check" value="true"/>
    <property name="HUDSON_SERVER_COOKIE" value="ec4de9721f4b8c05"/>
    <property name="MAVEN_HOME" value="C:\apps\apache-maven-3.2.5"/>
    <property name="ConEmuPalette" value="Monokai"/>
    <property name="SESSIONNAME" value="Console"/>
    <property name="PATHEXT" value=".COM;.EXE;.BAT;.CMD;.VBS;.VBE;.JS;.JSE;.WSF;.WSH;.MSC"/>
    <property name="java.awt.printerjob" value="sun.awt.windows.WPrinterJob"/>
    <property name="maven3.interceptor.common" value="C:\Users\diego\.jenkins\plugins\maven-plugin\WEB-INF\lib\maven3-interceptor-commons-1.8.1.jar"/>
    <property name="CLASSPATH" value=""/>
    <property name="HOMEPATH" value="\Users\diego"/>
    <property name="os.name" value="Windows 10"/>
    <property name="java.specification.vendor" value="Oracle Corporation"/>
    <property name="java.vm.name" value="Java HotSpot(TM) 64-Bit Server VM"/>
    <property name="BUILD_NUMBER" value="2"/>
    <property name="maven3.interceptor" value="C:\Users\diego\.jenkins\plugins\maven-plugin\WEB-INF\lib\maven32-interceptor-1.8.1.jar"/>
    <property name="java.library.path" value="C:\Program Files\Java\jdk1.8.0_102\bin;C:\WINDOWS\Sun\Java\bin;C:\WINDOWS\system32;C:\WINDOWS;C:\apps\apache-maven-3.2.5/bin;C:\Program Files\Java\jdk1.8.0_102/bin;C:\Program Files\Java\jdk1.8.0_102/bin;C:\cmder\bin;C:\cmder\vendor\git-for-windows\cmd;C:\cmder\vendor\conemu-maximus5\ConEmu\Scripts;C:\cmder\vendor\conemu-maximus5;C:\cmder\vendor\conemu-maximus5\ConEmu;C:\WINDOWS\System32;C:\Users\diego\.babun;C:\Users\diego\AppData\Local\Microsoft\WindowsApps;C:\Program Files\Java\jdk1.8.0_102\\bin;C:\cmder\vendor\git-for-windows\usr\bin;C:\cmder\vendor\git-for-windows\usr\share\vim\vim74;C:\cmder\;."/>
    <property name="HOMEDRIVE" value="C:"/>
    <property name="java.class.version" value="52.0"/>
    <property name="RUN_DISPLAY_URL" value="http://unconfigured-jenkins-location/job/selenium/2/display/redirect"/>
    <property name="VBOX_MSI_INSTALL_PATH" value="C:\Program Files\Oracle\VirtualBox\"/>
    <property name="JENKINS_HOME" value="C:\Users\diego\.jenkins"/>
    <property name="BUILD_ID" value="2"/>
    <property name="TEMP" value="D:\trdy\testa"/>
    <property name="sun.boot.library.path" value="C:\Program Files\Java\jdk1.8.0_102\jre\bin"/>
    <property name="ConEmuDrawHWND" value="0x001004DC"/>
    <property name="sun.management.compiler" value="HotSpot 64-Bit Tiered Compilers"/>
    <property name="webdriver.gecko.driver" value="C:\Users\diego\Documents\geckodriver.exe"/>
    <property name="java.awt.graphicsenv" value="sun.awt.Win32GraphicsEnvironment"/>
    <property name="user.variant" value=""/>
    <property name="PROCESSOR_REVISION" value="4e03"/>
    <property name="configsetroot" value="C:\WINDOWS\ConfigSetRoot"/>
    <property name="HUDSON_HOME" value="C:\Users\diego\.jenkins"/>
    <property name="ProgramFiles(x86)" value="C:\Program Files (x86)"/>
    <property name="PATH+MAVEN" value="C:\apps\apache-maven-3.2.5/bin"/>
    <property name="USERDOMAIN_ROAMINGPROFILE" value="MADNESS"/>
    <property name="PROMPT" value="C&amp;#8;L&amp;#8;I&amp;#8;N&amp;#8;K&amp;#8; &amp;#8;$P$G"/>
    <property name="ConEmuTask" value="{cmd::Cmder}"/>
    <property name="ConEmuDir" value="C:\cmder\vendor\conemu-maximus5"/>
    <property name="java.vm.specification.version" value="1.8"/>
    <property name="JAVA_HOME" value="C:\Program Files\Java\jdk1.8.0_102"/>
    <property name="awt.toolkit" value="sun.awt.windows.WToolkit"/>
    <property name="NODE_LABELS" value="master"/>
    <property name="SVN_SSH" value="C:\\cmder\\vendor\\git-for-windows\\bin\\ssh.exe"/>
    <property name="sun.cpu.isalist" value="amd64"/>
    <property name="USERPROFILE" value="C:\Users\diego"/>
    <property name="JOB_DISPLAY_URL" value="http://unconfigured-jenkins-location/job/selenium/display/redirect"/>
    <property name="java.ext.dirs" value="C:\Program Files\Java\jdk1.8.0_102\jre\lib\ext;C:\WINDOWS\Sun\Java\lib\ext"/>
    <property name="os.version" value="10.0"/>
    <property name="user.home" value="C:\Users\diego"/>
    <property name="USERNAME" value="diego"/>
    <property name="java.vm.vendor" value="Oracle Corporation"/>
    <property name="PROCESSOR_LEVEL" value="6"/>
    <property name="ConEmuDrive" value="C:"/>
    <property name="CommonProgramW6432" value="C:\Program Files\Common Files"/>
    <property name="user.dir" value="C:\Users\diego\workspace2\MyMavenProject"/>
    <property name="ConEmuAnsiLog" value=""/>
    <property name="ProgramW6432" value="C:\Program Files"/>
    <property name="ConEmuHooks" value="Enabled"/>
    <property name="TMP" value="D:\trdy\testa"/>
    <property name="ConEmuBuild" value="161206"/>
    <property name="ConEmuWorkDir" value="C:\Users\diego"/>
    <property name="sun.cpu.endian" value="little"/>
    <property name="SystemDrive" value="C:"/>
    <property name="java.vm.version" value="25.102-b14"/>
    <property name="java.class.path" value="C:\Users\diego\.jenkins\plugins\maven-plugin\WEB-INF\lib\maven32-agent-1.8.1.jar;C:\apps\apache-maven-3.2.5\boot\plexus-classworlds-2.5.2.jar;C:\apps\apache-maven-3.2.5/conf/logging"/>
    <property name="org.slf4j.simpleLogger.defaultLogLevel" value="info"/>
    <property name="ANSICON_DEF" value="7"/>
    <property name="os.arch" value="amd64"/>
    <property name="WORKSPACE" value="C:\Users\diego\.jenkins\workspace\selenium"/>
    <property name="ComSpec" value="C:\WINDOWS\system32\cmd.exe"/>
    <property name="ConEmuConfig" value=""/>
    <property name="sun.java.launcher" value="SUN_STANDARD"/>
    <property name="ConEmuArgs" value=""/>
    <property name="FPS_BROWSER_APP_PROFILE_STRING" value="Internet Explorer"/>
    <property name="SystemRoot" value="C:\WINDOWS"/>
    <property name="ConEmuServerPID" value="9176"/>
    <property name="CommonProgramFiles" value="C:\Program Files\Common Files"/>
    <property name="java.vm.specification.vendor" value="Oracle Corporation"/>
    <property name="FPS_BROWSER_USER_PROFILE_STRING" value="Default"/>
    <property name="file.separator" value="\"/>
    <property name="java.runtime.version" value="1.8.0_102-b14"/>
    <property name="sun.boot.class.path" value="C:\Program Files\Java\jdk1.8.0_102\jre\lib\resources.jar;C:\Program Files\Java\jdk1.8.0_102\jre\lib\rt.jar;C:\Program Files\Java\jdk1.8.0_102\jre\lib\sunrsasign.jar;C:\Program Files\Java\jdk1.8.0_102\jre\lib\jsse.jar;C:\Program Files\Java\jdk1.8.0_102\jre\lib\jce.jar;C:\Program Files\Java\jdk1.8.0_102\jre\lib\charsets.jar;C:\Program Files\Java\jdk1.8.0_102\jre\lib\jfr.jar;C:\Program Files\Java\jdk1.8.0_102\jre\classes"/>
    <property name="ProgramFiles" value="C:\Program Files"/>
    <property name="ConEmuANSI" value="ON"/>
    <property name="PATH+JDK" value="C:\Program Files\Java\jdk1.8.0_102/bin"/>
    <property name="user.country" value="US"/>
    <property name="=ExitCode" value="00000424"/>
    <property name="maven.home" value="C:\apps\apache-maven-3.2.5"/>
    <property name="CMDER_ROOT" value="C:\cmder"/>
    <property name="JOB_BASE_NAME" value="selenium"/>
    <property name="HOME" value="C:\Users\diego"/>
    <property name="java.vendor" value="Oracle Corporation"/>
    <property name="java.specification.version" value="1.8"/>
    <property name="sun.arch.data.model" value="64"/>
  </properties>
  <testcase name="verifySearchButton" classname="com.mavenproject.LoadTest01" time="2.543">
    <failure message="Text not found! expected [Buscar  Google] but found [Buscar con Google]" type="java.lang.AssertionError">java.lang.AssertionError: Text not found! expected [Buscar  Google] but found [Buscar con Google]
	at org.testng.Assert.fail(Assert.java:94)
	at org.testng.Assert.failNotEquals(Assert.java:513)
	at org.testng.Assert.assertEqualsImpl(Assert.java:135)
	at org.testng.Assert.assertEquals(Assert.java:116)
	at org.testng.Assert.assertEquals(Assert.java:190)
	at com.mavenproject.LoadTest01.verifySearchButton(LoadTest01.java:48)
</failure>
    <system-out><![CDATA[[TestNGContentHandler] [WARN] It is strongly recommended to add "<!DOCTYPE suite SYSTEM "http://testng.org/testng-1.0.dtd" >" at the top of your file, otherwise TestNG may fail or not work as expected.
starting est
closing est
]]></system-out>
  </testcase>
</testsuite>