<?xml version="1.0" encoding="UTF-8"?>
<!-- Generated by org.testng.reporters.JUnitReportReporter -->
<testsuite hostname="MADNESS" name="testcase.TestPageFactory" tests="1" failures="0" timestamp="14 May 2017 01:33:49 GMT" time="10.728" errors="0">
  <testcase name="testLogin" time="10.728" classname="testcase.TestPageFactory"/>
</testsuite> <!-- testcase.TestPageFactory -->
