<?xml version="1.0" encoding="UTF-8"?>
<!-- Generated by org.testng.reporters.JUnitReportReporter -->
<testsuite hostname="MADNESS" name="testcase.testsacue" tests="1" failures="0" timestamp="14 May 2017 04:28:33 GMT" time="37.288" errors="0">
  <testcase name="testLogin2" time="37.288" classname="testcase.testsacue"/>
</testsuite> <!-- testcase.testsacue -->
