<?xml version="1.0" encoding="UTF-8"?>
<!-- Generated by org.testng.reporters.JUnitReportReporter -->
<testsuite hostname="MADNESS" name="testcase.TestWebElement2" tests="1" failures="0" timestamp="12 May 2017 16:59:49 GMT" time="0.001" errors="1">
  <testcase name="findElemnt" time="0.001" classname="testcase.TestWebElement2">
    <error type="java.lang.Error" message="Unresolved compilation problems: 
	The method getResourceAsStream(String) in the type ClassLoader is not applicable for the arguments (String, String)
	Syntax error on token &quot;)&quot;, delete this token
	Syntax error on token &quot;)&quot;, delete this token
">
      <![CDATA[java.lang.Error: Unresolved compilation problems: 
	The method getResourceAsStream(String) in the type ClassLoader is not applicable for the arguments (String, String)
	Syntax error on token ")", delete this token
	Syntax error on token ")", delete this token

	at helper.ReadConfigProperty.<init>(ReadConfigProperty.java:16)
	at helper.StartWebDriver.setUp(StartWebDriver.java:24)
	at sun.reflect.NativeMethodAccessorImpl.invoke0(Native Method)
	at sun.reflect.NativeMethodAccessorImpl.invoke(NativeMethodAccessorImpl.java:62)
	at sun.reflect.DelegatingMethodAccessorImpl.invoke(DelegatingMethodAccessorImpl.java:43)
	at java.lang.reflect.Method.invoke(Method.java:498)
	at org.testng.internal.MethodInvocationHelper.invokeMethod(MethodInvocationHelper.java:86)
	at org.testng.internal.Invoker.invokeConfigurationMethod(Invoker.java:514)
	at org.testng.internal.Invoker.invokeConfigurations(Invoker.java:215)
	at org.testng.internal.Invoker.invokeConfigurations(Invoker.java:142)
	at org.testng.SuiteRunner.privateRun(SuiteRunner.java:305)
	at org.testng.SuiteRunner.run(SuiteRunner.java:268)
	at org.testng.SuiteRunnerWorker.runSuite(SuiteRunnerWorker.java:52)
	at org.testng.SuiteRunnerWorker.run(SuiteRunnerWorker.java:86)
	at org.testng.TestNG.runSuitesSequentially(TestNG.java:1244)
	at org.testng.TestNG.runSuitesLocally(TestNG.java:1169)
	at org.testng.TestNG.run(TestNG.java:1064)
	at org.testng.remote.AbstractRemoteTestNG.run(AbstractRemoteTestNG.java:132)
	at org.testng.remote.RemoteTestNG.initAndRun(RemoteTestNG.java:230)
	at org.testng.remote.RemoteTestNG.main(RemoteTestNG.java:76)
]]>
    </error>
  </testcase> <!-- findElemnt -->
</testsuite> <!-- testcase.TestWebElement2 -->
