<?xml version="1.0" encoding="UTF-8"?>
<!-- Generated by org.testng.reporters.JUnitReportReporter -->
<testsuite hostname="MADNESS" name="testcase.TestPageObjectModel" tests="1" failures="0" timestamp="14 May 2017 14:02:06 GMT" time="4.465" errors="0">
  <testcase name="testcase" time="4.465" classname="testcase.TestPageObjectModel"/>
</testsuite> <!-- testcase.TestPageObjectModel -->
