<?xml version="1.0" encoding="UTF-8"?>
<!-- Generated by org.testng.reporters.JUnitReportReporter -->
<testsuite hostname="MADNESS" name="testcase.TestWebElement2" tests="1" failures="0" timestamp="14 May 2017 13:57:02 GMT" time="25.606" errors="0">
  <testcase name="findElemnt" time="25.606" classname="testcase.TestWebElement2"/>
</testsuite> <!-- testcase.TestWebElement2 -->
