<?xml version="1.0" encoding="UTF-8"?>
<!-- Generated by org.testng.reporters.JUnitReportReporter -->
<testsuite hostname="MADNESS" name="testcase.testsacue" tests="2" failures="0" timestamp="14 May 2017 13:27:12 GMT" time="97.425" errors="0">
  <testcase name="testLogin2" time="48.518" classname="testcase.testsacue"/>
  <testcase name="testLogin2" time="48.907" classname="testcase.testsacue"/>
</testsuite> <!-- testcase.testsacue -->
