<?xml version="1.0" encoding="UTF-8"?>
<!-- Generated by org.testng.reporters.JUnitReportReporter -->
<testsuite hostname="MADNESS" name="testcase.TestPageObjectModel" tests="1" failures="0" timestamp="14 May 2017 02:24:11 GMT" time="0.555" errors="0">
  <testcase name="testcase" time="0.555" classname="testcase.TestPageObjectModel"/>
</testsuite> <!-- testcase.TestPageObjectModel -->
