<?xml version="1.0" encoding="UTF-8"?>
<!-- Generated by org.testng.reporters.JUnitReportReporter -->
<testsuite hostname="MADNESS" name="com.mavenproject.LoadTest01" tests="1" failures="0" timestamp="30 Apr 2017 08:41:10 GMT" time="2.941" errors="0">
  <testcase name="verifySearchButton" time="2.941" classname="com.mavenproject.LoadTest01"/>
</testsuite> <!-- com.mavenproject.LoadTest01 -->
