<?xml version="1.0" encoding="UTF-8"?>
<!-- Generated by org.testng.reporters.JUnitReportReporter -->
<testsuite hostname="MADNESS" name="com.mavenproject.LoadTest01" tests="1" failures="0" timestamp="12 May 2017 16:25:45 GMT" time="5.385" errors="0">
  <testcase name="verifySearchButton" time="5.385" classname="com.mavenproject.LoadTest01"/>
</testsuite> <!-- com.mavenproject.LoadTest01 -->
