<?xml version="1.0" encoding="UTF-8"?>
<!-- Generated by org.testng.reporters.JUnitReportReporter -->
<testsuite hostname="MADNESS" name="com.mavenproject.LoadTest01" tests="1" failures="0" timestamp="14 May 2017 02:26:28 GMT" time="2.455" errors="0">
  <testcase name="verifySearchButton" time="2.455" classname="com.mavenproject.LoadTest01"/>
</testsuite> <!-- com.mavenproject.LoadTest01 -->
