<?xml version="1.0" encoding="UTF-8"?>
<!-- Generated by org.testng.reporters.JUnitReportReporter -->
<testsuite hostname="MADNESS" name="com.mavenproject.LoadTest01" tests="1" failures="0" timestamp="12 May 2017 17:01:57 GMT" time="6.973" errors="0">
  <testcase name="verifySearchButton" time="6.973" classname="com.mavenproject.LoadTest01"/>
</testsuite> <!-- com.mavenproject.LoadTest01 -->
