<?xml version="1.0" encoding="UTF-8"?>
<!-- Generated by org.testng.reporters.JUnitReportReporter -->
<testsuite hostname="MADNESS" name="testcase.testsacue" tests="2" failures="0" timestamp="14 May 2017 14:04:45 GMT" time="76.895" errors="0">
  <testcase name="testLogin2" time="38.567" classname="testcase.testsacue"/>
  <testcase name="testLogin2" time="38.328" classname="testcase.testsacue"/>
</testsuite> <!-- testcase.testsacue -->
