<?xml version="1.0" encoding="UTF-8"?>
<!-- Generated by org.testng.reporters.JUnitReportReporter -->
<testsuite hostname="MADNESS" name="testcase.TestWebElement2" tests="1" failures="0" timestamp="12 May 2017 17:03:54 GMT" time="21.095" errors="0">
  <testcase name="findElemnt" time="21.095" classname="testcase.TestWebElement2"/>
</testsuite> <!-- testcase.TestWebElement2 -->
