<?xml version="1.0" encoding="UTF-8"?>
<!-- Generated by org.testng.reporters.JUnitReportReporter -->
<testsuite hostname="MADNESS" name="testcase.TestWebElement2" tests="1" failures="0" timestamp="14 May 2017 02:23:44 GMT" time="20.924" errors="0">
  <testcase name="findElemnt" time="20.924" classname="testcase.TestWebElement2"/>
</testsuite> <!-- testcase.TestWebElement2 -->
