<?xml version="1.0" encoding="UTF-8"?>
<!-- Generated by org.testng.reporters.JUnitReportReporter -->
<testsuite hostname="MADNESS" name="testcase.testsacue" tests="2" failures="0" timestamp="14 May 2017 16:33:50 GMT" time="76.207" errors="0">
  <testcase name="testLogin2" time="37.991" classname="testcase.testsacue"/>
  <testcase name="testLogin2" time="38.216" classname="testcase.testsacue"/>
</testsuite> <!-- testcase.testsacue -->
